<?xml version="1.0" encoding="utf-8"?>
<<<<<<< HEAD
<TestRun id="e124e809-ac06-45bb-86fc-cb636784da81" name="opilane@KLASSA108-6 2020-02-07 10:30:56" runUser="TPTLIVE\opilane" xmlns="http://microsoft.com/schemas/VisualStudio/TeamTest/2010">
  <Times creation="2020-02-07T10:30:56.1396407+02:00" queuing="2020-02-07T10:30:56.1396429+02:00" start="2020-02-07T10:30:54.3230096+02:00" finish="2020-02-07T10:30:56.1514757+02:00" />
  <TestSettings name="default" id="0e4c8f58-ecfc-43ec-a9eb-869a08cbf286">
    <Deployment runDeploymentRoot="opilane_KLASSA108-6_2020-02-07_10_30_56" />
  </TestSettings>
  <Results>
    <UnitTestResult executionId="b29d6146-b0a8-4f47-af93-985f28f408a0" testId="fdea9450-cfe0-89ca-8dac-8e755ddaebfd" testName="Kooliprojekt.UnitTests.UnitTest1.Test1" computerName="KLASSA108-6" duration="00:00:00.0022015" startTime="2020-02-07T10:30:55.9978906+02:00" endTime="2020-02-07T10:30:55.9979827+02:00" testType="13cdc9d9-ddb5-4fa4-a97d-d965ccfc6d4b" outcome="Passed" testListId="8c84fa94-04c1-424b-9868-57a2d4851a1d" relativeResultsDirectory="b29d6146-b0a8-4f47-af93-985f28f408a0" />
  </Results>
  <TestDefinitions>
    <UnitTest name="Kooliprojekt.UnitTests.UnitTest1.Test1" storage="c:\users\opilane\desktop\kooliprojekt\kooliprojekt.unittests\bin\debug\netcoreapp3.1\kooliprojekt.unittests.dll" id="fdea9450-cfe0-89ca-8dac-8e755ddaebfd">
      <Execution id="b29d6146-b0a8-4f47-af93-985f28f408a0" />
=======
<TestRun id="8c48edc0-e3f8-4232-ab3e-a8304167202b" name="opilane@KLASSA108-7 2020-01-31 08:45:01" runUser="TPTLIVE\opilane" xmlns="http://microsoft.com/schemas/VisualStudio/TeamTest/2010">
  <Times creation="2020-01-31T08:45:01.6234458+02:00" queuing="2020-01-31T08:45:01.6234476+02:00" start="2020-01-31T08:44:59.8219150+02:00" finish="2020-01-31T08:45:01.6357762+02:00" />
  <TestSettings name="default" id="22a73078-d661-4c8f-925a-bec3515834ea">
    <Deployment runDeploymentRoot="opilane_KLASSA108-7_2020-01-31_08_45_01" />
  </TestSettings>
  <Results>
    <UnitTestResult executionId="c6da437c-d867-486e-a879-3699694225bd" testId="fdea9450-cfe0-89ca-8dac-8e755ddaebfd" testName="Kooliprojekt.UnitTests.UnitTest1.Test1" computerName="KLASSA108-7" duration="00:00:00.0022414" startTime="2020-01-31T08:45:01.4828055+02:00" endTime="2020-01-31T08:45:01.4828865+02:00" testType="13cdc9d9-ddb5-4fa4-a97d-d965ccfc6d4b" outcome="Passed" testListId="8c84fa94-04c1-424b-9868-57a2d4851a1d" relativeResultsDirectory="c6da437c-d867-486e-a879-3699694225bd" />
  </Results>
  <TestDefinitions>
    <UnitTest name="Kooliprojekt.UnitTests.UnitTest1.Test1" storage="c:\users\opilane\desktop\kooliprojekt\kooliprojekt.unittests\bin\debug\netcoreapp3.1\kooliprojekt.unittests.dll" id="fdea9450-cfe0-89ca-8dac-8e755ddaebfd">
      <Execution id="c6da437c-d867-486e-a879-3699694225bd" />
>>>>>>> b76c91b37f2069b7c8797f7decf67c77d0307972
      <TestMethod codeBase="C:\Users\opilane\Desktop\Kooliprojekt\Kooliprojekt.UnitTests\bin\Debug\netcoreapp3.1\Kooliprojekt.UnitTests.dll" adapterTypeName="executor://xunit/VsTestRunner2/netcoreapp" className="Kooliprojekt.UnitTests.UnitTest1" name="Kooliprojekt.UnitTests.UnitTest1.Test1" />
    </UnitTest>
  </TestDefinitions>
  <TestEntries>
<<<<<<< HEAD
    <TestEntry testId="fdea9450-cfe0-89ca-8dac-8e755ddaebfd" executionId="b29d6146-b0a8-4f47-af93-985f28f408a0" testListId="8c84fa94-04c1-424b-9868-57a2d4851a1d" />
=======
    <TestEntry testId="fdea9450-cfe0-89ca-8dac-8e755ddaebfd" executionId="c6da437c-d867-486e-a879-3699694225bd" testListId="8c84fa94-04c1-424b-9868-57a2d4851a1d" />
>>>>>>> b76c91b37f2069b7c8797f7decf67c77d0307972
  </TestEntries>
  <TestLists>
    <TestList name="Results Not in a List" id="8c84fa94-04c1-424b-9868-57a2d4851a1d" />
    <TestList name="All Loaded Results" id="19431567-8539-422a-85d7-44ee4e166bda" />
  </TestLists>
  <ResultSummary outcome="Completed">
    <Counters total="1" executed="1" passed="1" failed="0" error="0" timeout="0" aborted="0" inconclusive="0" passedButRunAborted="0" notRunnable="0" notExecuted="0" disconnected="0" warning="0" completed="0" inProgress="0" pending="0" />
    <Output>
      <StdOut>[xUnit.net 00:00:00.00] xUnit.net VSTest Adapter v2.4.1 (64-bit .NET Core 3.1.1)&#xD;
[xUnit.net 00:00:01.05]   Discovering: Kooliprojekt.UnitTests&#xD;
[xUnit.net 00:00:01.08]   Discovered:  Kooliprojekt.UnitTests&#xD;
<<<<<<< HEAD
[xUnit.net 00:00:01.09]   Starting:    Kooliprojekt.UnitTests&#xD;
[xUnit.net 00:00:01.16]   Finished:    Kooliprojekt.UnitTests&#xD;
=======
[xUnit.net 00:00:01.08]   Starting:    Kooliprojekt.UnitTests&#xD;
[xUnit.net 00:00:01.15]   Finished:    Kooliprojekt.UnitTests&#xD;
>>>>>>> b76c91b37f2069b7c8797f7decf67c77d0307972
</StdOut>
    </Output>
  </ResultSummary>
</TestRun>